This is pdfTeX, Version 3.14159265-2.6-1.40.19 (TeX Live 2019/dev/Debian) (preloaded format=pdflatex 2019.9.26)  28 SEP 2019 09:24
entering extended mode
 restricted \write18 enabled.
 %&-line parsing enabled.
**restart_8c.tex
(./restart_8c.tex
LaTeX2e <2018-12-01>
! Undefined control sequence.
l.1 \hypertarget
                {restart_8c}{}\section{restart.\+c File Reference}
? 

! LaTeX Error: Missing \begin{document}.

See the LaTeX manual or LaTeX Companion for explanation.
Type  H <return>  for immediate help.
 ...                                              
                                                  
l.1 \hypertarget{r
                  estart_8c}{}\section{restart.\+c File Reference}
? 
Missing character: There is no r in font nullfont!
Missing character: There is no e in font nullfont!
Missing character: There is no s in font nullfont!
Missing character: There is no t in font nullfont!
Missing character: There is no a in font nullfont!
Missing character: There is no r in font nullfont!
Missing character: There is no t in font nullfont!
! Missing $ inserted.
<inserted text> 
                $
l.1 \hypertarget{restart_
                         8c}{}\section{restart.\+c File Reference}
? 
LaTeX Font Info:    External font `cmex10' loaded for size
(Font)              <7> on input line 1.
LaTeX Font Info:    External font `cmex10' loaded for size
(Font)              <5> on input line 1.
! Extra }, or forgotten $.
l.1 \hypertarget{restart_8c}
                            {}\section{restart.\+c File Reference}
? 
! Undefined control sequence.
l.1 \hypertarget{restart_8c}{}\section
                                      {restart.\+c File Reference}
? 
! Undefined control sequence.
l.1 \hypertarget{restart_8c}{}\section{restart.\+
                                                 c File Reference}
? 
! Missing $ inserted.
<inserted text> 
                $
l.3 
    
? 

Overfull \hbox (133.83783pt too wide) in paragraph at lines 1--3
[]$[]\OML/cmm/m/it/10 c[][][]$ 
 []


! LaTeX Error: Missing \begin{document}.

See the LaTeX manual or LaTeX Companion for explanation.
Type  H <return>  for immediate help.
 ...                                              
                                                  
l.5 F
     unctions to restart from a given file.
? 
Missing character: There is no F in font nullfont!
Missing character: There is no u in font nullfont!
Missing character: There is no n in font nullfont!
Missing character: There is no c in font nullfont!
Missing character: There is no t in font nullfont!
Missing character: There is no i in font nullfont!
Missing character: There is no o in font nullfont!
Missing character: There is no n in font nullfont!
Missing character: There is no s in font nullfont!
Missing character: There is no t in font nullfont!
Missing character: There is no o in font nullfont!
Missing character: There is no r in font nullfont!
Missing character: There is no e in font nullfont!
Missing character: There is no s in font nullfont!
Missing character: There is no t in font nullfont!
Missing character: There is no a in font nullfont!
Missing character: There is no r in font nullfont!
Missing character: There is no t in font nullfont!
Missing character: There is no f in font nullfont!
Missing character: There is no r in font nullfont!
Missing character: There is no o in font nullfont!
Missing character: There is no m in font nullfont!
Missing character: There is no a in font nullfont!
Missing character: There is no g in font nullfont!
Missing character: There is no i in font nullfont!
Missing character: There is no v in font nullfont!
Missing character: There is no e in font nullfont!
Missing character: There is no n in font nullfont!
Missing character: There is no f in font nullfont!
Missing character: There is no i in font nullfont!
Missing character: There is no l in font nullfont!
Missing character: There is no e in font nullfont!
Missing character: There is no . in font nullfont!

Overfull \hbox (20.0pt too wide) in paragraph at lines 5--6
[]
 []


! LaTeX Error: Missing \begin{document}.

See the LaTeX manual or LaTeX Companion for explanation.
Type  H <return>  for immediate help.
 ...                                              
                                                  
l.8 {\ttfamily \#
                 include \char`\"{}main.\+h\char`\"{}}\newline
? 
! Undefined control sequence.
l.8 {\ttfamily \#include \char`\"{}main.\+
                                          h\char`\"{}}\newline
? 
! Undefined control sequence.
l.9 \subsection
               *{Functions}
? 
Missing character: There is no * in font nullfont!
Missing character: There is no F in font nullfont!
Missing character: There is no u in font nullfont!
Missing character: There is no n in font nullfont!
Missing character: There is no c in font nullfont!
Missing character: There is no t in font nullfont!
Missing character: There is no i in font nullfont!
Missing character: There is no o in font nullfont!
Missing character: There is no n in font nullfont!
Missing character: There is no s in font nullfont!

! LaTeX Error: Environment DoxyCompactItemize undefined.

See the LaTeX manual or LaTeX Companion for explanation.
Type  H <return>  for immediate help.
 ...                                              
                                                  
l.10 \begin{DoxyCompactItemize}
                               
? 

Overfull \hbox (61.99963pt too wide) in paragraph at lines 8--12
[]\OT1/cmtt/m/n/10 #include
 []


Overfull \hbox (41.99963pt too wide) in paragraph at lines 8--12
\OT1/cmtt/m/n/10 "main.h" 
 []


! LaTeX Error: Lonely \item--perhaps a missing list environment.

See the LaTeX manual or LaTeX Companion for explanation.
Type  H <return>  for immediate help.
 ...                                              
                                                  
l.12 v
      oid \hyperlink{restart_8c_a6bdbb9a2345c126ae0d72b1e2a9a21d5}{Restart} ()
? 
Missing character: There is no v in font nullfont!
Missing character: There is no o in font nullfont!
Missing character: There is no i in font nullfont!
Missing character: There is no d in font nullfont!
! Undefined control sequence.
l.12 void \hyperlink
                    {restart_8c_a6bdbb9a2345c126ae0d72b1e2a9a21d5}{Restart} ()
? 
Missing character: There is no r in font nullfont!
Missing character: There is no e in font nullfont!
Missing character: There is no s in font nullfont!
Missing character: There is no t in font nullfont!
Missing character: There is no a in font nullfont!
Missing character: There is no r in font nullfont!
Missing character: There is no t in font nullfont!
! Missing $ inserted.
<inserted text> 
                $
l.12 void \hyperlink{restart_
                             8c_a6bdbb9a2345c126ae0d72b1e2a9a21d5}{Restart} ()
? 
! Extra }, or forgotten $.
l.12 ...tart_8c_a6bdbb9a2345c126ae0d72b1e2a9a21d5}
                                                  {Restart} ()
? 

! LaTeX Error: Command \item invalid in math mode.

See the LaTeX manual or LaTeX Companion for explanation.
Type  H <return>  for immediate help.
 ...                                              
                                                  
l.13 \item
          
? 

! LaTeX Error: Something's wrong--perhaps a missing \item.

See the LaTeX manual or LaTeX Companion for explanation.
Type  H <return>  for immediate help.
 ...                                              
                                                  
l.14 v
      oid \hyperlink{restart_8c_a66c4f118d5ffafd86c204fafd787f73e}{Restart\+...

? 

! LaTeX Error: Something's wrong--perhaps a missing \item.

See the LaTeX manual or LaTeX Companion for explanation.
Type  H <return>  for immediate help.
 ...                                              
                                                  
l.14 v
      oid \hyperlink{restart_8c_a66c4f118d5ffafd86c204fafd787f73e}{Restart\+...

? 

! LaTeX Error: Lonely \item--perhaps a missing list environment.

See the LaTeX manual or LaTeX Companion for explanation.
Type  H <return>  for immediate help.
 ...                                              
                                                  
l.14 v
      oid \hyperlink{restart_8c_a66c4f118d5ffafd86c204fafd787f73e}{Restart\+...

? 
! Undefined control sequence.
l.14 void \hyperlink
                    {restart_8c_a66c4f118d5ffafd86c204fafd787f73e}{Restart\+...

? 
! Undefined control sequence.
l.14 ...6c4f118d5ffafd86c204fafd787f73e}{Restart\+
                                                  \_\+\+Bin} ()
? 
! Undefined control sequence.
l.14 ...118d5ffafd86c204fafd787f73e}{Restart\+\_\+
                                                  \+Bin} ()
? 
! Undefined control sequence.
l.14 ...8d5ffafd86c204fafd787f73e}{Restart\+\_\+\+
                                                  Bin} ()
? 

! LaTeX Error: \begin{document} ended by \end{DoxyCompactItemize}.

See the LaTeX manual or LaTeX Companion for explanation.
Type  H <return>  for immediate help.
 ...                                              
                                                  
l.15 \end{DoxyCompactItemize}
                             
? 
! Missing $ inserted.
<inserted text> 
                $
l.15 \end{DoxyCompactItemize}
                             
? 
! Missing } inserted.
<inserted text> 
                }
l.15 \end{DoxyCompactItemize}
                             
? 

Overfull \hbox (503.01819pt too wide) in paragraph at lines 12--16
[]\OML/cmm/m/it/10 c[]\OT1/cmr/m/n/10 6\OML/cmm/m/it/10 bdbb\OT1/cmr/m/n/10 9\O
ML/cmm/m/it/10 a\OT1/cmr/m/n/10 2345\OML/cmm/m/it/10 c\OT1/cmr/m/n/10 126\OML/c
mm/m/it/10 ae\OT1/cmr/m/n/10 0\OML/cmm/m/it/10 d\OT1/cmr/m/n/10 72\OML/cmm/m/it
/10 b\OT1/cmr/m/n/10 1\OML/cmm/m/it/10 e\OT1/cmr/m/n/10 2\OML/cmm/m/it/10 a\OT1
/cmr/m/n/10 9\OML/cmm/m/it/10 a\OT1/cmr/m/n/10 21\OML/cmm/m/it/10 d\OT1/cmr/m/n
/10 5[]()\OML/cmm/m/it/10 void[][]\OT1/cmr/m/n/10 ()$ 
 []

! Undefined control sequence.
l.18 \subsection
                {Detailed Description}
? 

! LaTeX Error: Missing \begin{document}.

See the LaTeX manual or LaTeX Companion for explanation.
Type  H <return>  for immediate help.
 ...                                              
                                                  
l.18 \subsection{D
                  etailed Description}
? 
Missing character: There is no D in font nullfont!
Missing character: There is no e in font nullfont!
Missing character: There is no t in font nullfont!
Missing character: There is no a in font nullfont!
Missing character: There is no i in font nullfont!
Missing character: There is no l in font nullfont!
Missing character: There is no e in font nullfont!
Missing character: There is no d in font nullfont!
Missing character: There is no D in font nullfont!
Missing character: There is no e in font nullfont!
Missing character: There is no s in font nullfont!
Missing character: There is no c in font nullfont!
Missing character: There is no r in font nullfont!
Missing character: There is no i in font nullfont!
Missing character: There is no p in font nullfont!
Missing character: There is no t in font nullfont!
Missing character: There is no i in font nullfont!
Missing character: There is no o in font nullfont!
Missing character: There is no n in font nullfont!
Missing character: There is no F in font nullfont!
Missing character: There is no u in font nullfont!
Missing character: There is no n in font nullfont!
Missing character: There is no c in font nullfont!
Missing character: There is no t in font nullfont!
Missing character: There is no i in font nullfont!
Missing character: There is no o in font nullfont!
Missing character: There is no n in font nullfont!
Missing character: There is no s in font nullfont!
Missing character: There is no t in font nullfont!
Missing character: There is no o in font nullfont!
Missing character: There is no r in font nullfont!
Missing character: There is no e in font nullfont!
Missing character: There is no s in font nullfont!
Missing character: There is no t in font nullfont!
Missing character: There is no a in font nullfont!
Missing character: There is no r in font nullfont!
Missing character: There is no t in font nullfont!
Missing character: There is no f in font nullfont!
Missing character: There is no r in font nullfont!
Missing character: There is no o in font nullfont!
Missing character: There is no m in font nullfont!
Missing character: There is no a in font nullfont!
Missing character: There is no g in font nullfont!
Missing character: There is no i in font nullfont!
Missing character: There is no v in font nullfont!
Missing character: There is no e in font nullfont!
Missing character: There is no n in font nullfont!
Missing character: There is no f in font nullfont!
Missing character: There is no i in font nullfont!
Missing character: There is no l in font nullfont!
Missing character: There is no e in font nullfont!
Missing character: There is no . in font nullfont!

Overfull \hbox (20.0pt too wide) in paragraph at lines 18--20
[]
 []


! LaTeX Error: Environment DoxyAuthor undefined.

See the LaTeX manual or LaTeX Companion for explanation.
Type  H <return>  for immediate help.
 ...                                              
                                                  
l.21 \begin{DoxyAuthor}
                       {Author}
? 

! LaTeX Error: Missing \begin{document}.

See the LaTeX manual or LaTeX Companion for explanation.
Type  H <return>  for immediate help.
 ...                                              
                                                  
l.21 \begin{DoxyAuthor}{A
                         uthor}
? 
Missing character: There is no A in font nullfont!
Missing character: There is no u in font nullfont!
Missing character: There is no t in font nullfont!
Missing character: There is no h in font nullfont!
Missing character: There is no o in font nullfont!
Missing character: There is no r in font nullfont!
Missing character: There is no E in font nullfont!
Missing character: There is no m in font nullfont!
Missing character: There is no i in font nullfont!
Missing character: There is no l in font nullfont!
Missing character: There is no i in font nullfont!
Missing character: There is no o in font nullfont!
Missing character: There is no T in font nullfont!
Missing character: There is no e in font nullfont!
Missing character: There is no j in font nullfont!
Missing character: There is no e in font nullfont!
Missing character: There is no d in font nullfont!
Missing character: There is no a in font nullfont!

! LaTeX Error: \begin{document} ended by \end{DoxyAuthor}.

See the LaTeX manual or LaTeX Companion for explanation.
Type  H <return>  for immediate help.
 ...                                              
                                                  
l.23 \end{DoxyAuthor}
                     
? 

Overfull \hbox (20.0pt too wide) in paragraph at lines 21--24
[]
 []

! Undefined control sequence.
l.26 \subsection
                {Function Documentation}
? 

! LaTeX Error: Missing \begin{document}.

See the LaTeX manual or LaTeX Companion for explanation.
Type  H <return>  for immediate help.
 ...                                              
                                                  
l.26 \subsection{F
                  unction Documentation}
? 
Missing character: There is no F in font nullfont!
Missing character: There is no u in font nullfont!
Missing character: There is no n in font nullfont!
Missing character: There is no c in font nullfont!
Missing character: There is no t in font nullfont!
Missing character: There is no i in font nullfont!
Missing character: There is no o in font nullfont!
Missing character: There is no n in font nullfont!
Missing character: There is no D in font nullfont!
Missing character: There is no o in font nullfont!
Missing character: There is no c in font nullfont!
Missing character: There is no u in font nullfont!
Missing character: There is no m in font nullfont!
Missing character: There is no e in font nullfont!
Missing character: There is no n in font nullfont!
Missing character: There is no t in font nullfont!
Missing character: There is no a in font nullfont!
Missing character: There is no t in font nullfont!
Missing character: There is no i in font nullfont!
Missing character: There is no o in font nullfont!
Missing character: There is no n in font nullfont!
! Undefined control sequence.
<argument> \Hypertarget 
                        {restart_8c_a6bdbb9a2345c126ae0d72b1e2a9a21d5}\label...
l.27 ...art_8c_a6bdbb9a2345c126ae0d72b1e2a9a21d5}}
                                                  
? 
Missing character: There is no r in font nullfont!
Missing character: There is no e in font nullfont!
Missing character: There is no s in font nullfont!
Missing character: There is no t in font nullfont!
Missing character: There is no a in font nullfont!
Missing character: There is no r in font nullfont!
Missing character: There is no t in font nullfont!
! Missing $ inserted.
<inserted text> 
                $
l.27 ...art_8c_a6bdbb9a2345c126ae0d72b1e2a9a21d5}}
                                                  
? 
! Extra }, or forgotten $.
<argument> ...c_a6bdbb9a2345c126ae0d72b1e2a9a21d5}
                                                  \label {restart_8c_a6bdbb9...
l.27 ...art_8c_a6bdbb9a2345c126ae0d72b1e2a9a21d5}}
                                                  
? 
! Extra }, or forgotten $.
\mbox #1->\leavevmode \hbox {#1}
                                
l.27 ...art_8c_a6bdbb9a2345c126ae0d72b1e2a9a21d5}}
                                                  
? 
! Undefined control sequence.
l.30 \subsubsection
                   {\texorpdfstring{Restart()}{Restart()}}
? 
! Undefined control sequence.
l.30 \subsubsection{\texorpdfstring
                                   {Restart()}{Restart()}}
? 
! Undefined control sequence.
l.31 {\footnotesize
                   \ttfamily void Restart (\begin{DoxyParamCaption}{ }\end{D...

? 

! LaTeX Error: Command \ttfamily invalid in math mode.

See the LaTeX manual or LaTeX Companion for explanation.
Type  H <return>  for immediate help.
 ...                                              
                                                  
l.31 {\footnotesize\ttfamily
                             void Restart (\begin{DoxyParamCaption}{ }\end{D...

? 

! LaTeX Error: Environment DoxyParamCaption undefined.

See the LaTeX manual or LaTeX Companion for explanation.
Type  H <return>  for immediate help.
 ...                                              
                                                  
l.31 ...ily void Restart (\begin{DoxyParamCaption}
                                                  { }\end{DoxyParamCaption})}
? 

! LaTeX Error: \begin{document} ended by \end{DoxyParamCaption}.

See the LaTeX manual or LaTeX Companion for explanation.
Type  H <return>  for immediate help.
 ...                                              
                                                  
l.31 ...DoxyParamCaption}{ }\end{DoxyParamCaption}
                                                  )}
? 
! Missing $ inserted.
<inserted text> 
                $
l.32 
     
? 
! Undefined control sequence.
<argument> \Hypertarget 
                        {restart_8c_a66c4f118d5ffafd86c204fafd787f73e}\label...
l.33 ...art_8c_a66c4f118d5ffafd86c204fafd787f73e}}
                                                  
? 
Missing character: There is no r in font nullfont!
Missing character: There is no e in font nullfont!
Missing character: There is no s in font nullfont!
Missing character: There is no t in font nullfont!
Missing character: There is no a in font nullfont!
Missing character: There is no r in font nullfont!
Missing character: There is no t in font nullfont!
! Missing $ inserted.
<inserted text> 
                $
l.33 ...art_8c_a66c4f118d5ffafd86c204fafd787f73e}}
                                                  
? 
! Extra }, or forgotten $.
<argument> ...c_a66c4f118d5ffafd86c204fafd787f73e}
                                                  \label {restart_8c_a66c4f1...
l.33 ...art_8c_a66c4f118d5ffafd86c204fafd787f73e}}
                                                  
? 
! Extra }, or forgotten $.
\mbox #1->\leavevmode \hbox {#1}
                                
l.33 ...art_8c_a66c4f118d5ffafd86c204fafd787f73e}}
                                                  
? 
! Undefined